Traceback (most recent call last):
  File "c:\users\user\appdata\local\programs\python\python39\lib\site-packages\jupyter_cache\executors\utils.py", line 51, in single_nb_execution
    executenb(
  File "c:\users\user\appdata\local\programs\python\python39\lib\site-packages\nbclient\client.py", line 1093, in execute
    return NotebookClient(nb=nb, resources=resources, km=km, **kwargs).execute()
  File "c:\users\user\appdata\local\programs\python\python39\lib\site-packages\nbclient\util.py", line 84, in wrapped
    return just_run(coro(*args, **kwargs))
  File "c:\users\user\appdata\local\programs\python\python39\lib\site-packages\nbclient\util.py", line 62, in just_run
    return loop.run_until_complete(coro)
  File "c:\users\user\appdata\local\programs\python\python39\lib\asyncio\base_events.py", line 642, in run_until_complete
    return future.result()
  File "c:\users\user\appdata\local\programs\python\python39\lib\site-packages\nbclient\client.py", line 559, in async_execute
    await self.async_execute_cell(
  File "c:\users\user\appdata\local\programs\python\python39\lib\site-packages\nbclient\client.py", line 854, in async_execute_cell
    self._check_raise_for_error(cell, exec_reply)
  File "c:\users\user\appdata\local\programs\python\python39\lib\site-packages\nbclient\client.py", line 756, in _check_raise_for_error
    raise CellExecutionError.from_cell_and_msg(cell, exec_reply_content)
nbclient.exceptions.CellExecutionError: An error occurred while executing the following cell:
------------------
# Llamamos el modelo pre entrenado de clasificadores con cascada de haar
cascPath='../modelos/haarcascade_frontalface_default.xml'

faceCascade = cv2.CascadeClassifier(cascPath)

# Iniciamos la cámara
cap = cv2.VideoCapture(0)

while True:
    # Hacemos la captura fotograma por fotograma
    ret, frames = cap.read()
    #cambiamos a escala de grises
    gray = cv2.cvtColor(frames, cv2.COLOR_BGR2GRAY)
    #iniciamos el modelo de detección
    faces = faceCascade.detectMultiScale(gray,
        scaleFactor=1.1,
        minNeighbors=5,
        minSize=(30, 30),
        flags=cv2.CASCADE_SCALE_IMAGE)
    # Dibujamos el rectángulo 
    for (x, y, w, h) in faces:
        cv2.rectangle(frames, (x, y), (x+w, y+h), (0, 255, 0), 2)
    # mostramos el fotograma final
    cv2.imshow('Video', frames)
    if cv2.waitKey(1) == ord('q'):
        break

#cerramos la camara y cerramos todas las ventanas que hemos abierto
cap.release()
cv2.destroyAllWindows()
------------------

[1;31m---------------------------------------------------------------------------[0m
[1;31merror[0m                                     Traceback (most recent call last)
[1;32m~\AppData\Local\Temp/ipykernel_12880/3028683022.py[0m in [0;36m<module>[1;34m[0m
[0;32m     13[0m     [0mgray[0m [1;33m=[0m [0mcv2[0m[1;33m.[0m[0mcvtColor[0m[1;33m([0m[0mframes[0m[1;33m,[0m [0mcv2[0m[1;33m.[0m[0mCOLOR_BGR2GRAY[0m[1;33m)[0m[1;33m[0m[1;33m[0m[0m
[0;32m     14[0m     [1;31m#iniciamos el modelo de detección[0m[1;33m[0m[1;33m[0m[1;33m[0m[0m
[1;32m---> 15[1;33m     faces = faceCascade.detectMultiScale(gray,
[0m[0;32m     16[0m         [0mscaleFactor[0m[1;33m=[0m[1;36m1.1[0m[1;33m,[0m[1;33m[0m[1;33m[0m[0m
[0;32m     17[0m         [0mminNeighbors[0m[1;33m=[0m[1;36m5[0m[1;33m,[0m[1;33m[0m[1;33m[0m[0m

[1;31merror[0m: OpenCV(4.5.5) D:\a\opencv-python\opencv-python\opencv\modules\objdetect\src\cascadedetect.cpp:1689: error: (-215:Assertion failed) !empty() in function 'cv::CascadeClassifier::detectMultiScale'

error: OpenCV(4.5.5) D:\a\opencv-python\opencv-python\opencv\modules\objdetect\src\cascadedetect.cpp:1689: error: (-215:Assertion failed) !empty() in function 'cv::CascadeClassifier::detectMultiScale'


